{"C:\\crickstrait\\crickstrait\\server\\index.js": {"path":"C:\\crickstrait\\crickstrait\\server\\index.js","statementMap":{"0":{"start":{"line":1,"column":16},"end":{"line":1,"column":34}},"1":{"start":{"line":2,"column":23},"end":{"line":2,"column":60}},"2":{"start":{"line":3,"column":15},"end":{"line":3,"column":45}},"3":{"start":{"line":4,"column":13},"end":{"line":4,"column":41}},"4":{"start":{"line":5,"column":13},"end":{"line":5,"column":41}},"5":{"start":{"line":6,"column":18},"end":{"line":6,"column":51}},"6":{"start":{"line":7,"column":17},"end":{"line":7,"column":49}},"7":{"start":{"line":8,"column":16},"end":{"line":8,"column":47}},"8":{"start":{"line":9,"column":16},"end":{"line":9,"column":47}},"9":{"start":{"line":10,"column":19},"end":{"line":10,"column":53}},"10":{"start":{"line":11,"column":15},"end":{"line":11,"column":45}},"11":{"start":{"line":12,"column":13},"end":{"line":12,"column":28}},"12":{"start":{"line":13,"column":19},"end":{"line":13,"column":41}},"13":{"start":{"line":14,"column":12},"end":{"line":14,"column":21}},"14":{"start":{"line":15,"column":15},"end":{"line":15,"column":32}},"15":{"start":{"line":16,"column":0},"end":{"line":16,"column":16}},"16":{"start":{"line":17,"column":0},"end":{"line":21,"column":2}},"17":{"start":{"line":22,"column":0},"end":{"line":22,"column":26}},"18":{"start":{"line":23,"column":0},"end":{"line":23,"column":27}},"19":{"start":{"line":25,"column":0},"end":{"line":25,"column":38}},"20":{"start":{"line":27,"column":0},"end":{"line":27,"column":36}},"21":{"start":{"line":29,"column":0},"end":{"line":29,"column":34}},"22":{"start":{"line":31,"column":0},"end":{"line":31,"column":34}},"23":{"start":{"line":33,"column":0},"end":{"line":33,"column":47}},"24":{"start":{"line":34,"column":0},"end":{"line":34,"column":31}},"25":{"start":{"line":35,"column":0},"end":{"line":35,"column":27}},"26":{"start":{"line":37,"column":0},"end":{"line":37,"column":28}},"27":{"start":{"line":39,"column":0},"end":{"line":39,"column":40}},"28":{"start":{"line":41,"column":0},"end":{"line":41,"column":39}},"29":{"start":{"line":43,"column":13},"end":{"line":43,"column":37}},"30":{"start":{"line":44,"column":0},"end":{"line":44,"column":75}},"31":{"start":{"line":44,"column":23},"end":{"line":44,"column":73}},"32":{"start":{"line":45,"column":0},"end":{"line":45,"column":21}}},"fnMap":{"0":{"name":"(anonymous_0)","decl":{"start":{"line":44,"column":17},"end":{"line":44,"column":18}},"loc":{"start":{"line":44,"column":23},"end":{"line":44,"column":73}},"line":44}},"branchMap":{"0":{"loc":{"start":{"line":43,"column":13},"end":{"line":43,"column":37}},"type":"binary-expr","locations":[{"start":{"line":43,"column":13},"end":{"line":43,"column":29}},{"start":{"line":43,"column":33},"end":{"line":43,"column":37}}],"line":43}},"s":{"0":8,"1":8,"2":8,"3":8,"4":8,"5":8,"6":8,"7":8,"8":8,"9":8,"10":8,"11":8,"12":8,"13":8,"14":8,"15":8,"16":8,"17":8,"18":8,"19":8,"20":8,"21":8,"22":8,"23":8,"24":8,"25":8,"26":8,"27":8,"28":8,"29":8,"30":8,"31":1,"32":8},"f":{"0":1},"b":{"0":[8,8]},"_coverageSchema":"43e27e138ebf9cfc5966b082cf9a028302ed4184","hash":"8c395080d0413632af4f7630a40df02a24984e12"}
,"C:\\crickstrait\\crickstrait\\server\\middleware\\generateToken.js": {"path":"C:\\crickstrait\\crickstrait\\server\\middleware\\generateToken.js","statementMap":{"0":{"start":{"line":1,"column":12},"end":{"line":1,"column":35}},"1":{"start":{"line":2,"column":15},"end":{"line":2,"column":32}},"2":{"start":{"line":6,"column":0},"end":{"line":9,"column":2}},"3":{"start":{"line":7,"column":16},"end":{"line":7,"column":81}},"4":{"start":{"line":8,"column":2},"end":{"line":8,"column":15}}},"fnMap":{"0":{"name":"(anonymous_0)","decl":{"start":{"line":6,"column":17},"end":{"line":6,"column":18}},"loc":{"start":{"line":6,"column":28},"end":{"line":9,"column":1}},"line":6}},"branchMap":{},"s":{"0":8,"1":8,"2":8,"3":0,"4":0},"f":{"0":0},"b":{},"_coverageSchema":"43e27e138ebf9cfc5966b082cf9a028302ed4184","hash":"e4e2375aeb95eb35971c0961c67398c02b983f6c"}
,"C:\\crickstrait\\crickstrait\\server\\routes\\api\\Team.js": {"path":"C:\\crickstrait\\crickstrait\\server\\routes\\api\\Team.js","statementMap":{"0":{"start":{"line":1,"column":16},"end":{"line":1,"column":34}},"1":{"start":{"line":2,"column":15},"end":{"line":2,"column":31}},"2":{"start":{"line":3,"column":11},"end":{"line":3,"column":34}},"3":{"start":{"line":4,"column":11},"end":{"line":4,"column":70}},"4":{"start":{"line":19,"column":0},"end":{"line":40,"column":3}},"5":{"start":{"line":20,"column":21},"end":{"line":20,"column":40}},"6":{"start":{"line":21,"column":2},"end":{"line":21,"column":26}},"7":{"start":{"line":22,"column":17},"end":{"line":27,"column":3}},"8":{"start":{"line":28,"column":2},"end":{"line":34,"column":3}},"9":{"start":{"line":29,"column":4},"end":{"line":33,"column":7}},"10":{"start":{"line":35,"column":2},"end":{"line":39,"column":5}},"11":{"start":{"line":42,"column":0},"end":{"line":60,"column":3}},"12":{"start":{"line":43,"column":21},"end":{"line":43,"column":40}},"13":{"start":{"line":44,"column":18},"end":{"line":44,"column":36}},"14":{"start":{"line":45,"column":17},"end":{"line":47,"column":3}},"15":{"start":{"line":48,"column":2},"end":{"line":54,"column":3}},"16":{"start":{"line":49,"column":4},"end":{"line":53,"column":7}},"17":{"start":{"line":55,"column":2},"end":{"line":59,"column":5}},"18":{"start":{"line":62,"column":0},"end":{"line":80,"column":3}},"19":{"start":{"line":63,"column":21},"end":{"line":63,"column":40}},"20":{"start":{"line":64,"column":18},"end":{"line":64,"column":36}},"21":{"start":{"line":65,"column":17},"end":{"line":67,"column":3}},"22":{"start":{"line":68,"column":2},"end":{"line":74,"column":3}},"23":{"start":{"line":69,"column":4},"end":{"line":73,"column":7}},"24":{"start":{"line":75,"column":2},"end":{"line":79,"column":5}},"25":{"start":{"line":82,"column":0},"end":{"line":100,"column":3}},"26":{"start":{"line":83,"column":18},"end":{"line":83,"column":34}},"27":{"start":{"line":84,"column":2},"end":{"line":84,"column":23}},"28":{"start":{"line":85,"column":17},"end":{"line":87,"column":3}},"29":{"start":{"line":88,"column":2},"end":{"line":94,"column":3}},"30":{"start":{"line":89,"column":4},"end":{"line":93,"column":7}},"31":{"start":{"line":95,"column":2},"end":{"line":99,"column":5}},"32":{"start":{"line":102,"column":0},"end":{"line":136,"column":3}},"33":{"start":{"line":103,"column":2},"end":{"line":135,"column":3}},"34":{"start":{"line":104,"column":20},"end":{"line":104,"column":38}},"35":{"start":{"line":105,"column":4},"end":{"line":105,"column":25}},"36":{"start":{"line":106,"column":19},"end":{"line":127,"column":5}},"37":{"start":{"line":128,"column":4},"end":{"line":132,"column":7}},"38":{"start":{"line":134,"column":4},"end":{"line":134,"column":20}},"39":{"start":{"line":138,"column":0},"end":{"line":150,"column":3}},"40":{"start":{"line":139,"column":18},"end":{"line":139,"column":36}},"41":{"start":{"line":140,"column":17},"end":{"line":144,"column":3}},"42":{"start":{"line":145,"column":2},"end":{"line":149,"column":5}},"43":{"start":{"line":152,"column":0},"end":{"line":188,"column":3}},"44":{"start":{"line":153,"column":2},"end":{"line":187,"column":3}},"45":{"start":{"line":154,"column":20},"end":{"line":154,"column":38}},"46":{"start":{"line":155,"column":21},"end":{"line":155,"column":40}},"47":{"start":{"line":156,"column":4},"end":{"line":156,"column":27}},"48":{"start":{"line":157,"column":18},"end":{"line":157,"column":76}},"49":{"start":{"line":158,"column":4},"end":{"line":158,"column":32}},"50":{"start":{"line":159,"column":19},"end":{"line":167,"column":5}},"51":{"start":{"line":169,"column":4},"end":{"line":175,"column":5}},"52":{"start":{"line":170,"column":6},"end":{"line":174,"column":9}},"53":{"start":{"line":176,"column":4},"end":{"line":180,"column":7}},"54":{"start":{"line":182,"column":4},"end":{"line":186,"column":7}},"55":{"start":{"line":190,"column":0},"end":{"line":190,"column":24}}},"fnMap":{"0":{"name":"(anonymous_0)","decl":{"start":{"line":19,"column":27},"end":{"line":19,"column":28}},"loc":{"start":{"line":19,"column":47},"end":{"line":40,"column":1}},"line":19},"1":{"name":"(anonymous_1)","decl":{"start":{"line":42,"column":45},"end":{"line":42,"column":46}},"loc":{"start":{"line":42,"column":65},"end":{"line":60,"column":1}},"line":42},"2":{"name":"(anonymous_2)","decl":{"start":{"line":62,"column":51},"end":{"line":62,"column":52}},"loc":{"start":{"line":62,"column":71},"end":{"line":80,"column":1}},"line":62},"3":{"name":"(anonymous_3)","decl":{"start":{"line":82,"column":25},"end":{"line":82,"column":26}},"loc":{"start":{"line":82,"column":45},"end":{"line":100,"column":1}},"line":82},"4":{"name":"(anonymous_4)","decl":{"start":{"line":102,"column":34},"end":{"line":102,"column":35}},"loc":{"start":{"line":102,"column":54},"end":{"line":136,"column":1}},"line":102},"5":{"name":"(anonymous_5)","decl":{"start":{"line":138,"column":36},"end":{"line":138,"column":37}},"loc":{"start":{"line":138,"column":56},"end":{"line":150,"column":1}},"line":138},"6":{"name":"(anonymous_6)","decl":{"start":{"line":152,"column":27},"end":{"line":152,"column":28}},"loc":{"start":{"line":152,"column":47},"end":{"line":188,"column":1}},"line":152}},"branchMap":{"0":{"loc":{"start":{"line":28,"column":2},"end":{"line":34,"column":3}},"type":"if","locations":[{"start":{"line":28,"column":2},"end":{"line":34,"column":3}},{"start":{"line":28,"column":2},"end":{"line":34,"column":3}}],"line":28},"1":{"loc":{"start":{"line":48,"column":2},"end":{"line":54,"column":3}},"type":"if","locations":[{"start":{"line":48,"column":2},"end":{"line":54,"column":3}},{"start":{"line":48,"column":2},"end":{"line":54,"column":3}}],"line":48},"2":{"loc":{"start":{"line":68,"column":2},"end":{"line":74,"column":3}},"type":"if","locations":[{"start":{"line":68,"column":2},"end":{"line":74,"column":3}},{"start":{"line":68,"column":2},"end":{"line":74,"column":3}}],"line":68},"3":{"loc":{"start":{"line":88,"column":2},"end":{"line":94,"column":3}},"type":"if","locations":[{"start":{"line":88,"column":2},"end":{"line":94,"column":3}},{"start":{"line":88,"column":2},"end":{"line":94,"column":3}}],"line":88},"4":{"loc":{"start":{"line":169,"column":4},"end":{"line":175,"column":5}},"type":"if","locations":[{"start":{"line":169,"column":4},"end":{"line":175,"column":5}},{"start":{"line":169,"column":4},"end":{"line":175,"column":5}}],"line":169}},"s":{"0":8,"1":8,"2":8,"3":8,"4":8,"5":2,"6":2,"7":2,"8":2,"9":0,"10":2,"11":8,"12":2,"13":2,"14":2,"15":2,"16":0,"17":2,"18":8,"19":2,"20":2,"21":2,"22":2,"23":0,"24":2,"25":8,"26":1,"27":1,"28":1,"29":1,"30":0,"31":1,"32":8,"33":1,"34":1,"35":1,"36":1,"37":1,"38":0,"39":8,"40":0,"41":0,"42":0,"43":8,"44":1,"45":1,"46":1,"47":1,"48":1,"49":1,"50":1,"51":1,"52":0,"53":1,"54":0,"55":8},"f":{"0":2,"1":2,"2":2,"3":1,"4":1,"5":0,"6":1},"b":{"0":[0,2],"1":[0,2],"2":[0,2],"3":[0,1],"4":[0,1]},"_coverageSchema":"43e27e138ebf9cfc5966b082cf9a028302ed4184","hash":"dec7c74880d6cc8b7b4682d4868ee6b7e6158494"}
,"C:\\crickstrait\\crickstrait\\server\\routes\\api\\Venues.js": {"path":"C:\\crickstrait\\crickstrait\\server\\routes\\api\\Venues.js","statementMap":{"0":{"start":{"line":1,"column":16},"end":{"line":1,"column":34}},"1":{"start":{"line":2,"column":15},"end":{"line":2,"column":31}},"2":{"start":{"line":3,"column":11},"end":{"line":3,"column":34}},"3":{"start":{"line":4,"column":11},"end":{"line":4,"column":68}},"4":{"start":{"line":6,"column":0},"end":{"line":16,"column":3}},"5":{"start":{"line":7,"column":18},"end":{"line":7,"column":34}},"6":{"start":{"line":8,"column":17},"end":{"line":10,"column":3}},"7":{"start":{"line":11,"column":2},"end":{"line":15,"column":5}},"8":{"start":{"line":18,"column":0},"end":{"line":18,"column":24}}},"fnMap":{"0":{"name":"(anonymous_0)","decl":{"start":{"line":6,"column":19},"end":{"line":6,"column":20}},"loc":{"start":{"line":6,"column":39},"end":{"line":16,"column":1}},"line":6}},"branchMap":{},"s":{"0":8,"1":8,"2":8,"3":8,"4":8,"5":0,"6":0,"7":0,"8":8},"f":{"0":0},"b":{},"_coverageSchema":"43e27e138ebf9cfc5966b082cf9a028302ed4184","hash":"4ae960eebabd27be92a4cd05e3a0d5f60ef20fae"}
,"C:\\crickstrait\\crickstrait\\server\\routes\\api\\auth.js": {"path":"C:\\crickstrait\\crickstrait\\server\\routes\\api\\auth.js","statementMap":{"0":{"start":{"line":1,"column":12},"end":{"line":1,"column":26}},"1":{"start":{"line":3,"column":0},"end":{"line":16,"column":2}},"2":{"start":{"line":4,"column":17},"end":{"line":14,"column":3}},"3":{"start":{"line":15,"column":2},"end":{"line":15,"column":36}}},"fnMap":{"0":{"name":"(anonymous_0)","decl":{"start":{"line":3,"column":17},"end":{"line":3,"column":18}},"loc":{"start":{"line":3,"column":25},"end":{"line":16,"column":1}},"line":3}},"branchMap":{},"s":{"0":8,"1":8,"2":0,"3":0},"f":{"0":0},"b":{},"_coverageSchema":"43e27e138ebf9cfc5966b082cf9a028302ed4184","hash":"edae0c8dcdfda65d2ac9081ea37b0baf4fc592d8"}
,"C:\\crickstrait\\crickstrait\\server\\routes\\api\\fixtures.js": {"path":"C:\\crickstrait\\crickstrait\\server\\routes\\api\\fixtures.js","statementMap":{"0":{"start":{"line":1,"column":16},"end":{"line":1,"column":34}},"1":{"start":{"line":2,"column":15},"end":{"line":2,"column":31}},"2":{"start":{"line":3,"column":11},"end":{"line":3,"column":34}},"3":{"start":{"line":5,"column":11},"end":{"line":5,"column":73}},"4":{"start":{"line":9,"column":0},"end":{"line":24,"column":3}},"5":{"start":{"line":10,"column":2},"end":{"line":23,"column":3}},"6":{"start":{"line":11,"column":19},"end":{"line":11,"column":78}},"7":{"start":{"line":13,"column":4},"end":{"line":17,"column":7}},"8":{"start":{"line":19,"column":4},"end":{"line":22,"column":7}},"9":{"start":{"line":26,"column":0},"end":{"line":26,"column":24}}},"fnMap":{"0":{"name":"(anonymous_0)","decl":{"start":{"line":9,"column":19},"end":{"line":9,"column":20}},"loc":{"start":{"line":9,"column":39},"end":{"line":24,"column":1}},"line":9}},"branchMap":{},"s":{"0":8,"1":8,"2":8,"3":8,"4":8,"5":0,"6":0,"7":0,"8":0,"9":8},"f":{"0":0},"b":{},"_coverageSchema":"43e27e138ebf9cfc5966b082cf9a028302ed4184","hash":"99f8c92a4acc3481cdff353d5cbebadea62aceb7"}
,"C:\\crickstrait\\crickstrait\\server\\routes\\api\\headlines.js": {"path":"C:\\crickstrait\\crickstrait\\server\\routes\\api\\headlines.js","statementMap":{"0":{"start":{"line":1,"column":16},"end":{"line":1,"column":34}},"1":{"start":{"line":2,"column":15},"end":{"line":2,"column":31}},"2":{"start":{"line":3,"column":11},"end":{"line":3,"column":34}},"3":{"start":{"line":5,"column":11},"end":{"line":5,"column":73}},"4":{"start":{"line":9,"column":0},"end":{"line":26,"column":3}},"5":{"start":{"line":10,"column":2},"end":{"line":25,"column":3}},"6":{"start":{"line":11,"column":19},"end":{"line":13,"column":5}},"7":{"start":{"line":15,"column":4},"end":{"line":19,"column":7}},"8":{"start":{"line":21,"column":4},"end":{"line":24,"column":7}},"9":{"start":{"line":28,"column":0},"end":{"line":47,"column":3}},"10":{"start":{"line":29,"column":2},"end":{"line":46,"column":3}},"11":{"start":{"line":30,"column":13},"end":{"line":30,"column":26}},"12":{"start":{"line":32,"column":19},"end":{"line":34,"column":5}},"13":{"start":{"line":36,"column":4},"end":{"line":40,"column":7}},"14":{"start":{"line":42,"column":4},"end":{"line":45,"column":7}},"15":{"start":{"line":49,"column":0},"end":{"line":49,"column":24}}},"fnMap":{"0":{"name":"(anonymous_0)","decl":{"start":{"line":9,"column":19},"end":{"line":9,"column":20}},"loc":{"start":{"line":9,"column":39},"end":{"line":26,"column":1}},"line":9},"1":{"name":"(anonymous_1)","decl":{"start":{"line":28,"column":36},"end":{"line":28,"column":37}},"loc":{"start":{"line":28,"column":56},"end":{"line":47,"column":1}},"line":28}},"branchMap":{},"s":{"0":8,"1":8,"2":8,"3":8,"4":8,"5":1,"6":1,"7":0,"8":0,"9":8,"10":0,"11":0,"12":0,"13":0,"14":0,"15":8},"f":{"0":1,"1":0},"b":{},"_coverageSchema":"43e27e138ebf9cfc5966b082cf9a028302ed4184","hash":"8e202f7e2e3a40b4baa1ea555f59efdc10cbd418"}
,"C:\\crickstrait\\crickstrait\\server\\routes\\api\\matches.js": {"path":"C:\\crickstrait\\crickstrait\\server\\routes\\api\\matches.js","statementMap":{"0":{"start":{"line":1,"column":16},"end":{"line":1,"column":34}},"1":{"start":{"line":2,"column":15},"end":{"line":2,"column":31}},"2":{"start":{"line":3,"column":11},"end":{"line":3,"column":34}},"3":{"start":{"line":5,"column":11},"end":{"line":5,"column":73}},"4":{"start":{"line":8,"column":0},"end":{"line":44,"column":3}},"5":{"start":{"line":9,"column":2},"end":{"line":43,"column":3}},"6":{"start":{"line":13,"column":17},"end":{"line":24,"column":67}},"7":{"start":{"line":25,"column":4},"end":{"line":31,"column":5}},"8":{"start":{"line":26,"column":6},"end":{"line":30,"column":9}},"9":{"start":{"line":32,"column":4},"end":{"line":36,"column":7}},"10":{"start":{"line":38,"column":4},"end":{"line":42,"column":7}},"11":{"start":{"line":46,"column":0},"end":{"line":90,"column":3}},"12":{"start":{"line":47,"column":20},"end":{"line":47,"column":38}},"13":{"start":{"line":48,"column":2},"end":{"line":48,"column":25}},"14":{"start":{"line":49,"column":2},"end":{"line":89,"column":3}},"15":{"start":{"line":50,"column":19},"end":{"line":69,"column":5}},"16":{"start":{"line":70,"column":4},"end":{"line":76,"column":5}},"17":{"start":{"line":71,"column":6},"end":{"line":75,"column":9}},"18":{"start":{"line":77,"column":4},"end":{"line":81,"column":7}},"19":{"start":{"line":83,"column":4},"end":{"line":87,"column":7}},"20":{"start":{"line":88,"column":4},"end":{"line":88,"column":21}},"21":{"start":{"line":92,"column":0},"end":{"line":138,"column":3}},"22":{"start":{"line":93,"column":20},"end":{"line":93,"column":38}},"23":{"start":{"line":94,"column":21},"end":{"line":94,"column":40}},"24":{"start":{"line":95,"column":2},"end":{"line":95,"column":25}},"25":{"start":{"line":96,"column":2},"end":{"line":96,"column":26}},"26":{"start":{"line":97,"column":2},"end":{"line":137,"column":3}},"27":{"start":{"line":98,"column":19},"end":{"line":117,"column":5}},"28":{"start":{"line":118,"column":4},"end":{"line":124,"column":5}},"29":{"start":{"line":119,"column":6},"end":{"line":123,"column":9}},"30":{"start":{"line":125,"column":4},"end":{"line":129,"column":7}},"31":{"start":{"line":131,"column":4},"end":{"line":135,"column":7}},"32":{"start":{"line":136,"column":4},"end":{"line":136,"column":21}},"33":{"start":{"line":140,"column":0},"end":{"line":188,"column":3}},"34":{"start":{"line":141,"column":20},"end":{"line":141,"column":38}},"35":{"start":{"line":142,"column":21},"end":{"line":142,"column":40}},"36":{"start":{"line":143,"column":21},"end":{"line":143,"column":40}},"37":{"start":{"line":144,"column":2},"end":{"line":144,"column":25}},"38":{"start":{"line":145,"column":2},"end":{"line":145,"column":26}},"39":{"start":{"line":146,"column":2},"end":{"line":146,"column":26}},"40":{"start":{"line":147,"column":2},"end":{"line":187,"column":3}},"41":{"start":{"line":148,"column":19},"end":{"line":167,"column":5}},"42":{"start":{"line":168,"column":4},"end":{"line":174,"column":5}},"43":{"start":{"line":169,"column":6},"end":{"line":173,"column":9}},"44":{"start":{"line":175,"column":4},"end":{"line":179,"column":7}},"45":{"start":{"line":181,"column":4},"end":{"line":185,"column":7}},"46":{"start":{"line":186,"column":4},"end":{"line":186,"column":21}},"47":{"start":{"line":190,"column":0},"end":{"line":227,"column":3}},"48":{"start":{"line":191,"column":15},"end":{"line":191,"column":28}},"49":{"start":{"line":192,"column":2},"end":{"line":192,"column":20}},"50":{"start":{"line":193,"column":2},"end":{"line":226,"column":3}},"51":{"start":{"line":194,"column":19},"end":{"line":207,"column":5}},"52":{"start":{"line":208,"column":4},"end":{"line":214,"column":5}},"53":{"start":{"line":209,"column":6},"end":{"line":213,"column":9}},"54":{"start":{"line":215,"column":4},"end":{"line":219,"column":7}},"55":{"start":{"line":221,"column":4},"end":{"line":225,"column":7}},"56":{"start":{"line":229,"column":0},"end":{"line":297,"column":3}},"57":{"start":{"line":230,"column":2},"end":{"line":296,"column":3}},"58":{"start":{"line":231,"column":15},"end":{"line":231,"column":26}},"59":{"start":{"line":233,"column":19},"end":{"line":233,"column":38}},"60":{"start":{"line":237,"column":25},"end":{"line":250,"column":65}},"61":{"start":{"line":252,"column":4},"end":{"line":252,"column":30}},"62":{"start":{"line":256,"column":33},"end":{"line":268,"column":59}},"63":{"start":{"line":270,"column":4},"end":{"line":270,"column":38}},"64":{"start":{"line":272,"column":4},"end":{"line":286,"column":7}},"65":{"start":{"line":288,"column":4},"end":{"line":292,"column":7}},"66":{"start":{"line":294,"column":4},"end":{"line":294,"column":21}},"67":{"start":{"line":295,"column":4},"end":{"line":295,"column":14}},"68":{"start":{"line":299,"column":0},"end":{"line":378,"column":3}},"69":{"start":{"line":300,"column":18},"end":{"line":300,"column":37}},"70":{"start":{"line":301,"column":2},"end":{"line":377,"column":3}},"71":{"start":{"line":302,"column":19},"end":{"line":304,"column":5}},"72":{"start":{"line":305,"column":17},"end":{"line":307,"column":5}},"73":{"start":{"line":308,"column":17},"end":{"line":310,"column":5}},"74":{"start":{"line":311,"column":20},"end":{"line":313,"column":5}},"75":{"start":{"line":314,"column":20},"end":{"line":316,"column":5}},"76":{"start":{"line":317,"column":20},"end":{"line":319,"column":5}},"77":{"start":{"line":320,"column":27},"end":{"line":330,"column":5}},"78":{"start":{"line":331,"column":27},"end":{"line":341,"column":5}},"79":{"start":{"line":342,"column":19},"end":{"line":344,"column":5}},"80":{"start":{"line":345,"column":18},"end":{"line":347,"column":5}},"81":{"start":{"line":348,"column":15},"end":{"line":348,"column":17}},"82":{"start":{"line":349,"column":4},"end":{"line":349,"column":21}},"83":{"start":{"line":350,"column":4},"end":{"line":350,"column":21}},"84":{"start":{"line":351,"column":4},"end":{"line":351,"column":25}},"85":{"start":{"line":352,"column":4},"end":{"line":352,"column":27}},"86":{"start":{"line":353,"column":4},"end":{"line":353,"column":27}},"87":{"start":{"line":354,"column":4},"end":{"line":354,"column":27}},"88":{"start":{"line":355,"column":4},"end":{"line":355,"column":41}},"89":{"start":{"line":356,"column":4},"end":{"line":356,"column":41}},"90":{"start":{"line":357,"column":4},"end":{"line":357,"column":25}},"91":{"start":{"line":358,"column":4},"end":{"line":358,"column":23}},"92":{"start":{"line":359,"column":4},"end":{"line":365,"column":5}},"93":{"start":{"line":360,"column":6},"end":{"line":364,"column":9}},"94":{"start":{"line":366,"column":4},"end":{"line":370,"column":7}},"95":{"start":{"line":372,"column":4},"end":{"line":376,"column":7}},"96":{"start":{"line":380,"column":0},"end":{"line":471,"column":3}},"97":{"start":{"line":381,"column":18},"end":{"line":381,"column":36}},"98":{"start":{"line":382,"column":2},"end":{"line":382,"column":35}},"99":{"start":{"line":383,"column":13},"end":{"line":383,"column":24}},"100":{"start":{"line":384,"column":2},"end":{"line":470,"column":3}},"101":{"start":{"line":385,"column":20},"end":{"line":387,"column":5}},"102":{"start":{"line":388,"column":4},"end":{"line":448,"column":5}},"103":{"start":{"line":389,"column":6},"end":{"line":389,"column":33}},"104":{"start":{"line":391,"column":24},"end":{"line":419,"column":2}},"105":{"start":{"line":421,"column":21},"end":{"line":434,"column":7}},"106":{"start":{"line":436,"column":20},"end":{"line":441,"column":61}},"107":{"start":{"line":442,"column":6},"end":{"line":447,"column":9}},"108":{"start":{"line":449,"column":4},"end":{"line":449,"column":22}},"109":{"start":{"line":450,"column":4},"end":{"line":457,"column":5}},"110":{"start":{"line":451,"column":6},"end":{"line":455,"column":9}},"111":{"start":{"line":456,"column":6},"end":{"line":456,"column":26}},"112":{"start":{"line":458,"column":4},"end":{"line":462,"column":7}},"113":{"start":{"line":464,"column":4},"end":{"line":468,"column":7}},"114":{"start":{"line":469,"column":4},"end":{"line":469,"column":31}},"115":{"start":{"line":473,"column":0},"end":{"line":494,"column":3}},"116":{"start":{"line":474,"column":2},"end":{"line":493,"column":3}},"117":{"start":{"line":475,"column":19},"end":{"line":475,"column":37}},"118":{"start":{"line":476,"column":4},"end":{"line":476,"column":26}},"119":{"start":{"line":477,"column":19},"end":{"line":481,"column":5}},"120":{"start":{"line":483,"column":4},"end":{"line":487,"column":7}},"121":{"start":{"line":489,"column":4},"end":{"line":492,"column":7}},"122":{"start":{"line":496,"column":0},"end":{"line":496,"column":24}}},"fnMap":{"0":{"name":"(anonymous_0)","decl":{"start":{"line":8,"column":25},"end":{"line":8,"column":26}},"loc":{"start":{"line":8,"column":45},"end":{"line":44,"column":1}},"line":8},"1":{"name":"(anonymous_1)","decl":{"start":{"line":46,"column":26},"end":{"line":46,"column":27}},"loc":{"start":{"line":46,"column":46},"end":{"line":90,"column":1}},"line":46},"2":{"name":"(anonymous_2)","decl":{"start":{"line":92,"column":33},"end":{"line":92,"column":34}},"loc":{"start":{"line":92,"column":53},"end":{"line":138,"column":1}},"line":92},"3":{"name":"(anonymous_3)","decl":{"start":{"line":140,"column":26},"end":{"line":140,"column":27}},"loc":{"start":{"line":140,"column":46},"end":{"line":188,"column":1}},"line":140},"4":{"name":"(anonymous_4)","decl":{"start":{"line":190,"column":26},"end":{"line":190,"column":27}},"loc":{"start":{"line":190,"column":46},"end":{"line":227,"column":1}},"line":190},"5":{"name":"(anonymous_5)","decl":{"start":{"line":229,"column":33},"end":{"line":229,"column":34}},"loc":{"start":{"line":229,"column":59},"end":{"line":297,"column":1}},"line":229},"6":{"name":"(anonymous_6)","decl":{"start":{"line":299,"column":41},"end":{"line":299,"column":42}},"loc":{"start":{"line":299,"column":61},"end":{"line":378,"column":1}},"line":299},"7":{"name":"(anonymous_7)","decl":{"start":{"line":380,"column":37},"end":{"line":380,"column":38}},"loc":{"start":{"line":380,"column":57},"end":{"line":471,"column":1}},"line":380},"8":{"name":"(anonymous_8)","decl":{"start":{"line":473,"column":29},"end":{"line":473,"column":30}},"loc":{"start":{"line":473,"column":49},"end":{"line":494,"column":1}},"line":473}},"branchMap":{"0":{"loc":{"start":{"line":25,"column":4},"end":{"line":31,"column":5}},"type":"if","locations":[{"start":{"line":25,"column":4},"end":{"line":31,"column":5}},{"start":{"line":25,"column":4},"end":{"line":31,"column":5}}],"line":25},"1":{"loc":{"start":{"line":70,"column":4},"end":{"line":76,"column":5}},"type":"if","locations":[{"start":{"line":70,"column":4},"end":{"line":76,"column":5}},{"start":{"line":70,"column":4},"end":{"line":76,"column":5}}],"line":70},"2":{"loc":{"start":{"line":118,"column":4},"end":{"line":124,"column":5}},"type":"if","locations":[{"start":{"line":118,"column":4},"end":{"line":124,"column":5}},{"start":{"line":118,"column":4},"end":{"line":124,"column":5}}],"line":118},"3":{"loc":{"start":{"line":168,"column":4},"end":{"line":174,"column":5}},"type":"if","locations":[{"start":{"line":168,"column":4},"end":{"line":174,"column":5}},{"start":{"line":168,"column":4},"end":{"line":174,"column":5}}],"line":168},"4":{"loc":{"start":{"line":208,"column":4},"end":{"line":214,"column":5}},"type":"if","locations":[{"start":{"line":208,"column":4},"end":{"line":214,"column":5}},{"start":{"line":208,"column":4},"end":{"line":214,"column":5}}],"line":208},"5":{"loc":{"start":{"line":359,"column":4},"end":{"line":365,"column":5}},"type":"if","locations":[{"start":{"line":359,"column":4},"end":{"line":365,"column":5}},{"start":{"line":359,"column":4},"end":{"line":365,"column":5}}],"line":359},"6":{"loc":{"start":{"line":450,"column":4},"end":{"line":457,"column":5}},"type":"if","locations":[{"start":{"line":450,"column":4},"end":{"line":457,"column":5}},{"start":{"line":450,"column":4},"end":{"line":457,"column":5}}],"line":450}},"s":{"0":8,"1":8,"2":8,"3":8,"4":8,"5":1,"6":1,"7":1,"8":0,"9":1,"10":0,"11":8,"12":2,"13":2,"14":2,"15":2,"16":2,"17":0,"18":2,"19":0,"20":0,"21":8,"22":2,"23":2,"24":2,"25":2,"26":2,"27":2,"28":2,"29":0,"30":2,"31":0,"32":0,"33":8,"34":2,"35":2,"36":2,"37":2,"38":2,"39":2,"40":2,"41":2,"42":1,"43":0,"44":1,"45":1,"46":1,"47":8,"48":2,"49":2,"50":2,"51":2,"52":2,"53":0,"54":2,"55":0,"56":8,"57":1,"58":1,"59":1,"60":1,"61":1,"62":1,"63":1,"64":1,"65":1,"66":0,"67":0,"68":8,"69":1,"70":1,"71":1,"72":1,"73":1,"74":1,"75":1,"76":1,"77":1,"78":1,"79":1,"80":1,"81":1,"82":1,"83":1,"84":1,"85":1,"86":1,"87":1,"88":1,"89":1,"90":1,"91":1,"92":1,"93":0,"94":1,"95":0,"96":8,"97":1,"98":1,"99":1,"100":1,"101":1,"102":1,"103":4,"104":4,"105":4,"106":4,"107":4,"108":1,"109":1,"110":0,"111":0,"112":1,"113":0,"114":0,"115":8,"116":0,"117":0,"118":0,"119":0,"120":0,"121":0,"122":8},"f":{"0":1,"1":2,"2":2,"3":2,"4":2,"5":1,"6":1,"7":1,"8":0},"b":{"0":[0,1],"1":[0,2],"2":[0,2],"3":[0,1],"4":[0,2],"5":[0,1],"6":[0,1]},"_coverageSchema":"43e27e138ebf9cfc5966b082cf9a028302ed4184","hash":"2e366f027437fb5a81847e01f298c1987b9f7db2"}
,"C:\\crickstrait\\crickstrait\\server\\routes\\api\\playerRanking.js": {"path":"C:\\crickstrait\\crickstrait\\server\\routes\\api\\playerRanking.js","statementMap":{"0":{"start":{"line":1,"column":16},"end":{"line":1,"column":34}},"1":{"start":{"line":2,"column":15},"end":{"line":2,"column":31}},"2":{"start":{"line":3,"column":11},"end":{"line":3,"column":34}},"3":{"start":{"line":4,"column":11},"end":{"line":4,"column":73}},"4":{"start":{"line":7,"column":0},"end":{"line":14,"column":3}},"5":{"start":{"line":8,"column":17},"end":{"line":8,"column":61}},"6":{"start":{"line":9,"column":2},"end":{"line":13,"column":5}},"7":{"start":{"line":16,"column":0},"end":{"line":40,"column":3}},"8":{"start":{"line":17,"column":17},"end":{"line":17,"column":32}},"9":{"start":{"line":18,"column":2},"end":{"line":39,"column":3}},"10":{"start":{"line":19,"column":19},"end":{"line":21,"column":5}},"11":{"start":{"line":22,"column":4},"end":{"line":26,"column":8}},"12":{"start":{"line":23,"column":6},"end":{"line":26,"column":8}},"13":{"start":{"line":27,"column":4},"end":{"line":31,"column":7}},"14":{"start":{"line":33,"column":4},"end":{"line":33,"column":21}},"15":{"start":{"line":34,"column":4},"end":{"line":38,"column":8}},"16":{"start":{"line":42,"column":0},"end":{"line":67,"column":3}},"17":{"start":{"line":43,"column":17},"end":{"line":43,"column":32}},"18":{"start":{"line":44,"column":2},"end":{"line":44,"column":22}},"19":{"start":{"line":45,"column":2},"end":{"line":66,"column":3}},"20":{"start":{"line":46,"column":19},"end":{"line":48,"column":5}},"21":{"start":{"line":49,"column":4},"end":{"line":53,"column":8}},"22":{"start":{"line":50,"column":6},"end":{"line":53,"column":8}},"23":{"start":{"line":54,"column":4},"end":{"line":58,"column":7}},"24":{"start":{"line":60,"column":4},"end":{"line":60,"column":21}},"25":{"start":{"line":61,"column":4},"end":{"line":65,"column":8}},"26":{"start":{"line":69,"column":0},"end":{"line":69,"column":24}}},"fnMap":{"0":{"name":"(anonymous_0)","decl":{"start":{"line":7,"column":19},"end":{"line":7,"column":20}},"loc":{"start":{"line":7,"column":39},"end":{"line":14,"column":1}},"line":7},"1":{"name":"(anonymous_1)","decl":{"start":{"line":16,"column":24},"end":{"line":16,"column":25}},"loc":{"start":{"line":16,"column":44},"end":{"line":40,"column":1}},"line":16},"2":{"name":"(anonymous_2)","decl":{"start":{"line":42,"column":28},"end":{"line":42,"column":29}},"loc":{"start":{"line":42,"column":48},"end":{"line":67,"column":1}},"line":42}},"branchMap":{"0":{"loc":{"start":{"line":22,"column":4},"end":{"line":26,"column":8}},"type":"if","locations":[{"start":{"line":22,"column":4},"end":{"line":26,"column":8}},{"start":{"line":22,"column":4},"end":{"line":26,"column":8}}],"line":22},"1":{"loc":{"start":{"line":35,"column":14},"end":{"line":35,"column":51}},"type":"cond-expr","locations":[{"start":{"line":35,"column":31},"end":{"line":35,"column":45}},{"start":{"line":35,"column":48},"end":{"line":35,"column":51}}],"line":35},"2":{"loc":{"start":{"line":37,"column":8},"end":{"line":37,"column":77}},"type":"cond-expr","locations":[{"start":{"line":37,"column":28},"end":{"line":37,"column":45}},{"start":{"line":37,"column":48},"end":{"line":37,"column":77}}],"line":37},"3":{"loc":{"start":{"line":49,"column":4},"end":{"line":53,"column":8}},"type":"if","locations":[{"start":{"line":49,"column":4},"end":{"line":53,"column":8}},{"start":{"line":49,"column":4},"end":{"line":53,"column":8}}],"line":49},"4":{"loc":{"start":{"line":62,"column":14},"end":{"line":62,"column":51}},"type":"cond-expr","locations":[{"start":{"line":62,"column":31},"end":{"line":62,"column":45}},{"start":{"line":62,"column":48},"end":{"line":62,"column":51}}],"line":62},"5":{"loc":{"start":{"line":64,"column":8},"end":{"line":64,"column":77}},"type":"cond-expr","locations":[{"start":{"line":64,"column":28},"end":{"line":64,"column":45}},{"start":{"line":64,"column":48},"end":{"line":64,"column":77}}],"line":64}},"s":{"0":8,"1":8,"2":8,"3":8,"4":8,"5":1,"6":1,"7":8,"8":1,"9":1,"10":1,"11":1,"12":0,"13":1,"14":0,"15":0,"16":8,"17":2,"18":2,"19":2,"20":2,"21":2,"22":0,"23":2,"24":0,"25":0,"26":8},"f":{"0":1,"1":1,"2":2},"b":{"0":[0,1],"1":[0,0],"2":[0,0],"3":[0,2],"4":[0,0],"5":[0,0]},"_coverageSchema":"43e27e138ebf9cfc5966b082cf9a028302ed4184","hash":"75c4db49ec11cdb0e4334c5fb01886b0a2bbcf7b"}
,"C:\\crickstrait\\crickstrait\\server\\routes\\api\\playerType.js": {"path":"C:\\crickstrait\\crickstrait\\server\\routes\\api\\playerType.js","statementMap":{"0":{"start":{"line":1,"column":16},"end":{"line":1,"column":34}},"1":{"start":{"line":2,"column":15},"end":{"line":2,"column":31}},"2":{"start":{"line":3,"column":11},"end":{"line":3,"column":34}},"3":{"start":{"line":4,"column":11},"end":{"line":4,"column":68}},"4":{"start":{"line":6,"column":0},"end":{"line":21,"column":3}},"5":{"start":{"line":7,"column":2},"end":{"line":20,"column":3}},"6":{"start":{"line":8,"column":4},"end":{"line":10,"column":6}},"7":{"start":{"line":11,"column":19},"end":{"line":12,"column":42}},"8":{"start":{"line":13,"column":4},"end":{"line":17,"column":7}},"9":{"start":{"line":19,"column":4},"end":{"line":19,"column":14}},"10":{"start":{"line":23,"column":0},"end":{"line":34,"column":3}},"11":{"start":{"line":24,"column":2},"end":{"line":33,"column":3}},"12":{"start":{"line":25,"column":19},"end":{"line":25,"column":60}},"13":{"start":{"line":26,"column":4},"end":{"line":30,"column":7}},"14":{"start":{"line":32,"column":4},"end":{"line":32,"column":14}},"15":{"start":{"line":35,"column":0},"end":{"line":35,"column":24}}},"fnMap":{"0":{"name":"(anonymous_0)","decl":{"start":{"line":6,"column":20},"end":{"line":6,"column":21}},"loc":{"start":{"line":6,"column":46},"end":{"line":21,"column":1}},"line":6},"1":{"name":"(anonymous_1)","decl":{"start":{"line":23,"column":19},"end":{"line":23,"column":20}},"loc":{"start":{"line":23,"column":39},"end":{"line":34,"column":1}},"line":23}},"branchMap":{},"s":{"0":8,"1":8,"2":8,"3":8,"4":8,"5":0,"6":0,"7":0,"8":0,"9":0,"10":8,"11":0,"12":0,"13":0,"14":0,"15":8},"f":{"0":0,"1":0},"b":{},"_coverageSchema":"43e27e138ebf9cfc5966b082cf9a028302ed4184","hash":"85e139d28966ea3d1951501069f9dfd5c0e7e750"}
,"C:\\crickstrait\\crickstrait\\server\\routes\\api\\players.js": {"path":"C:\\crickstrait\\crickstrait\\server\\routes\\api\\players.js","statementMap":{"0":{"start":{"line":1,"column":16},"end":{"line":1,"column":34}},"1":{"start":{"line":3,"column":15},"end":{"line":3,"column":31}},"2":{"start":{"line":4,"column":11},"end":{"line":4,"column":34}},"3":{"start":{"line":6,"column":11},"end":{"line":6,"column":73}},"4":{"start":{"line":9,"column":0},"end":{"line":151,"column":3}},"5":{"start":{"line":10,"column":2},"end":{"line":150,"column":3}},"6":{"start":{"line":11,"column":19},"end":{"line":11,"column":38}},"7":{"start":{"line":12,"column":23},"end":{"line":14,"column":5}},"8":{"start":{"line":15,"column":24},"end":{"line":17,"column":5}},"9":{"start":{"line":18,"column":23},"end":{"line":20,"column":5}},"10":{"start":{"line":21,"column":15},"end":{"line":21,"column":45}},"11":{"start":{"line":23,"column":4},"end":{"line":23,"column":36}},"12":{"start":{"line":24,"column":4},"end":{"line":24,"column":30}},"13":{"start":{"line":25,"column":4},"end":{"line":25,"column":25}},"14":{"start":{"line":26,"column":4},"end":{"line":26,"column":26}},"15":{"start":{"line":27,"column":4},"end":{"line":27,"column":26}},"16":{"start":{"line":28,"column":4},"end":{"line":28,"column":28}},"17":{"start":{"line":29,"column":4},"end":{"line":29,"column":26}},"18":{"start":{"line":31,"column":4},"end":{"line":31,"column":36}},"19":{"start":{"line":32,"column":4},"end":{"line":32,"column":30}},"20":{"start":{"line":33,"column":4},"end":{"line":33,"column":25}},"21":{"start":{"line":34,"column":4},"end":{"line":34,"column":26}},"22":{"start":{"line":35,"column":4},"end":{"line":35,"column":26}},"23":{"start":{"line":36,"column":4},"end":{"line":36,"column":28}},"24":{"start":{"line":37,"column":4},"end":{"line":37,"column":26}},"25":{"start":{"line":39,"column":4},"end":{"line":39,"column":37}},"26":{"start":{"line":40,"column":4},"end":{"line":40,"column":31}},"27":{"start":{"line":41,"column":4},"end":{"line":41,"column":26}},"28":{"start":{"line":42,"column":4},"end":{"line":42,"column":27}},"29":{"start":{"line":43,"column":4},"end":{"line":43,"column":27}},"30":{"start":{"line":44,"column":4},"end":{"line":44,"column":29}},"31":{"start":{"line":45,"column":4},"end":{"line":45,"column":27}},"32":{"start":{"line":46,"column":16},"end":{"line":46,"column":17}},"33":{"start":{"line":47,"column":16},"end":{"line":47,"column":17}},"34":{"start":{"line":48,"column":16},"end":{"line":48,"column":17}},"35":{"start":{"line":49,"column":17},"end":{"line":49,"column":18}},"36":{"start":{"line":50,"column":16},"end":{"line":50,"column":17}},"37":{"start":{"line":51,"column":18},"end":{"line":51,"column":19}},"38":{"start":{"line":52,"column":19},"end":{"line":52,"column":20}},"39":{"start":{"line":53,"column":4},"end":{"line":76,"column":7}},"40":{"start":{"line":54,"column":6},"end":{"line":75,"column":7}},"41":{"start":{"line":55,"column":8},"end":{"line":55,"column":50}},"42":{"start":{"line":56,"column":8},"end":{"line":56,"column":18}},"43":{"start":{"line":57,"column":13},"end":{"line":75,"column":7}},"44":{"start":{"line":58,"column":8},"end":{"line":58,"column":50}},"45":{"start":{"line":59,"column":8},"end":{"line":59,"column":18}},"46":{"start":{"line":60,"column":13},"end":{"line":75,"column":7}},"47":{"start":{"line":61,"column":8},"end":{"line":61,"column":52}},"48":{"start":{"line":62,"column":8},"end":{"line":62,"column":18}},"49":{"start":{"line":63,"column":13},"end":{"line":75,"column":7}},"50":{"start":{"line":64,"column":8},"end":{"line":64,"column":49}},"51":{"start":{"line":65,"column":8},"end":{"line":65,"column":21}},"52":{"start":{"line":66,"column":13},"end":{"line":75,"column":7}},"53":{"start":{"line":67,"column":8},"end":{"line":67,"column":50}},"54":{"start":{"line":68,"column":8},"end":{"line":68,"column":20}},"55":{"start":{"line":69,"column":13},"end":{"line":75,"column":7}},"56":{"start":{"line":70,"column":8},"end":{"line":70,"column":54}},"57":{"start":{"line":71,"column":8},"end":{"line":71,"column":18}},"58":{"start":{"line":72,"column":13},"end":{"line":75,"column":7}},"59":{"start":{"line":73,"column":8},"end":{"line":73,"column":60}},"60":{"start":{"line":74,"column":8},"end":{"line":74,"column":19}},"61":{"start":{"line":77,"column":4},"end":{"line":77,"column":14}},"62":{"start":{"line":78,"column":4},"end":{"line":78,"column":14}},"63":{"start":{"line":79,"column":4},"end":{"line":79,"column":14}},"64":{"start":{"line":80,"column":4},"end":{"line":80,"column":15}},"65":{"start":{"line":81,"column":4},"end":{"line":81,"column":14}},"66":{"start":{"line":82,"column":4},"end":{"line":82,"column":16}},"67":{"start":{"line":83,"column":4},"end":{"line":83,"column":17}},"68":{"start":{"line":84,"column":4},"end":{"line":107,"column":7}},"69":{"start":{"line":85,"column":6},"end":{"line":106,"column":7}},"70":{"start":{"line":86,"column":8},"end":{"line":86,"column":50}},"71":{"start":{"line":87,"column":8},"end":{"line":87,"column":18}},"72":{"start":{"line":88,"column":13},"end":{"line":106,"column":7}},"73":{"start":{"line":89,"column":8},"end":{"line":89,"column":50}},"74":{"start":{"line":90,"column":8},"end":{"line":90,"column":18}},"75":{"start":{"line":91,"column":13},"end":{"line":106,"column":7}},"76":{"start":{"line":92,"column":8},"end":{"line":92,"column":52}},"77":{"start":{"line":93,"column":8},"end":{"line":93,"column":18}},"78":{"start":{"line":94,"column":13},"end":{"line":106,"column":7}},"79":{"start":{"line":95,"column":8},"end":{"line":95,"column":49}},"80":{"start":{"line":96,"column":8},"end":{"line":96,"column":21}},"81":{"start":{"line":97,"column":13},"end":{"line":106,"column":7}},"82":{"start":{"line":98,"column":8},"end":{"line":98,"column":50}},"83":{"start":{"line":99,"column":8},"end":{"line":99,"column":20}},"84":{"start":{"line":100,"column":13},"end":{"line":106,"column":7}},"85":{"start":{"line":101,"column":8},"end":{"line":101,"column":54}},"86":{"start":{"line":102,"column":8},"end":{"line":102,"column":18}},"87":{"start":{"line":103,"column":13},"end":{"line":106,"column":7}},"88":{"start":{"line":104,"column":8},"end":{"line":104,"column":60}},"89":{"start":{"line":105,"column":8},"end":{"line":105,"column":19}},"90":{"start":{"line":108,"column":4},"end":{"line":108,"column":14}},"91":{"start":{"line":109,"column":4},"end":{"line":109,"column":14}},"92":{"start":{"line":110,"column":4},"end":{"line":110,"column":14}},"93":{"start":{"line":111,"column":4},"end":{"line":111,"column":15}},"94":{"start":{"line":112,"column":4},"end":{"line":112,"column":14}},"95":{"start":{"line":113,"column":4},"end":{"line":113,"column":16}},"96":{"start":{"line":114,"column":4},"end":{"line":114,"column":17}},"97":{"start":{"line":115,"column":4},"end":{"line":138,"column":7}},"98":{"start":{"line":116,"column":6},"end":{"line":137,"column":7}},"99":{"start":{"line":117,"column":8},"end":{"line":117,"column":51}},"100":{"start":{"line":118,"column":8},"end":{"line":118,"column":18}},"101":{"start":{"line":119,"column":13},"end":{"line":137,"column":7}},"102":{"start":{"line":120,"column":8},"end":{"line":120,"column":51}},"103":{"start":{"line":121,"column":8},"end":{"line":121,"column":18}},"104":{"start":{"line":122,"column":13},"end":{"line":137,"column":7}},"105":{"start":{"line":123,"column":8},"end":{"line":123,"column":53}},"106":{"start":{"line":124,"column":8},"end":{"line":124,"column":18}},"107":{"start":{"line":125,"column":13},"end":{"line":137,"column":7}},"108":{"start":{"line":126,"column":8},"end":{"line":126,"column":50}},"109":{"start":{"line":127,"column":8},"end":{"line":127,"column":21}},"110":{"start":{"line":128,"column":13},"end":{"line":137,"column":7}},"111":{"start":{"line":129,"column":8},"end":{"line":129,"column":51}},"112":{"start":{"line":130,"column":8},"end":{"line":130,"column":20}},"113":{"start":{"line":131,"column":13},"end":{"line":137,"column":7}},"114":{"start":{"line":132,"column":8},"end":{"line":132,"column":55}},"115":{"start":{"line":133,"column":8},"end":{"line":133,"column":18}},"116":{"start":{"line":134,"column":13},"end":{"line":137,"column":7}},"117":{"start":{"line":135,"column":8},"end":{"line":135,"column":61}},"118":{"start":{"line":136,"column":8},"end":{"line":136,"column":19}},"119":{"start":{"line":140,"column":4},"end":{"line":144,"column":7}},"120":{"start":{"line":146,"column":4},"end":{"line":149,"column":7}},"121":{"start":{"line":154,"column":0},"end":{"line":168,"column":3}},"122":{"start":{"line":155,"column":2},"end":{"line":167,"column":3}},"123":{"start":{"line":156,"column":19},"end":{"line":156,"column":77}},"124":{"start":{"line":157,"column":4},"end":{"line":161,"column":7}},"125":{"start":{"line":163,"column":4},"end":{"line":166,"column":7}},"126":{"start":{"line":171,"column":0},"end":{"line":189,"column":3}},"127":{"start":{"line":172,"column":2},"end":{"line":188,"column":3}},"128":{"start":{"line":173,"column":21},"end":{"line":173,"column":40}},"129":{"start":{"line":174,"column":4},"end":{"line":174,"column":28}},"130":{"start":{"line":175,"column":19},"end":{"line":177,"column":5}},"131":{"start":{"line":178,"column":4},"end":{"line":182,"column":7}},"132":{"start":{"line":184,"column":4},"end":{"line":187,"column":7}},"133":{"start":{"line":191,"column":0},"end":{"line":234,"column":3}},"134":{"start":{"line":192,"column":2},"end":{"line":233,"column":3}},"135":{"start":{"line":193,"column":4},"end":{"line":201,"column":6}},"136":{"start":{"line":203,"column":19},"end":{"line":205,"column":5}},"137":{"start":{"line":206,"column":4},"end":{"line":224,"column":5}},"138":{"start":{"line":207,"column":6},"end":{"line":207,"column":26}},"139":{"start":{"line":208,"column":6},"end":{"line":208,"column":72}},"140":{"start":{"line":216,"column":21},"end":{"line":217,"column":35}},"141":{"start":{"line":218,"column":6},"end":{"line":218,"column":26}},"142":{"start":{"line":219,"column":6},"end":{"line":223,"column":9}},"143":{"start":{"line":227,"column":4},"end":{"line":230,"column":7}},"144":{"start":{"line":232,"column":4},"end":{"line":232,"column":21}},"145":{"start":{"line":236,"column":0},"end":{"line":236,"column":24}}},"fnMap":{"0":{"name":"(anonymous_0)","decl":{"start":{"line":9,"column":40},"end":{"line":9,"column":41}},"loc":{"start":{"line":9,"column":60},"end":{"line":151,"column":1}},"line":9},"1":{"name":"(anonymous_1)","decl":{"start":{"line":53,"column":23},"end":{"line":53,"column":24}},"loc":{"start":{"line":53,"column":32},"end":{"line":76,"column":5}},"line":53},"2":{"name":"(anonymous_2)","decl":{"start":{"line":84,"column":23},"end":{"line":84,"column":24}},"loc":{"start":{"line":84,"column":32},"end":{"line":107,"column":5}},"line":84},"3":{"name":"(anonymous_3)","decl":{"start":{"line":115,"column":24},"end":{"line":115,"column":25}},"loc":{"start":{"line":115,"column":33},"end":{"line":138,"column":5}},"line":115},"4":{"name":"(anonymous_4)","decl":{"start":{"line":154,"column":19},"end":{"line":154,"column":20}},"loc":{"start":{"line":154,"column":39},"end":{"line":168,"column":1}},"line":154},"5":{"name":"(anonymous_5)","decl":{"start":{"line":171,"column":29},"end":{"line":171,"column":30}},"loc":{"start":{"line":171,"column":49},"end":{"line":189,"column":1}},"line":171},"6":{"name":"(anonymous_6)","decl":{"start":{"line":191,"column":27},"end":{"line":191,"column":28}},"loc":{"start":{"line":191,"column":53},"end":{"line":234,"column":1}},"line":191}},"branchMap":{"0":{"loc":{"start":{"line":54,"column":6},"end":{"line":75,"column":7}},"type":"if","locations":[{"start":{"line":54,"column":6},"end":{"line":75,"column":7}},{"start":{"line":54,"column":6},"end":{"line":75,"column":7}}],"line":54},"1":{"loc":{"start":{"line":54,"column":10},"end":{"line":54,"column":55}},"type":"binary-expr","locations":[{"start":{"line":54,"column":10},"end":{"line":54,"column":41}},{"start":{"line":54,"column":45},"end":{"line":54,"column":55}}],"line":54},"2":{"loc":{"start":{"line":57,"column":13},"end":{"line":75,"column":7}},"type":"if","locations":[{"start":{"line":57,"column":13},"end":{"line":75,"column":7}},{"start":{"line":57,"column":13},"end":{"line":75,"column":7}}],"line":57},"3":{"loc":{"start":{"line":57,"column":17},"end":{"line":57,"column":62}},"type":"binary-expr","locations":[{"start":{"line":57,"column":17},"end":{"line":57,"column":48}},{"start":{"line":57,"column":52},"end":{"line":57,"column":62}}],"line":57},"4":{"loc":{"start":{"line":60,"column":13},"end":{"line":75,"column":7}},"type":"if","locations":[{"start":{"line":60,"column":13},"end":{"line":75,"column":7}},{"start":{"line":60,"column":13},"end":{"line":75,"column":7}}],"line":60},"5":{"loc":{"start":{"line":60,"column":17},"end":{"line":60,"column":73}},"type":"binary-expr","locations":[{"start":{"line":60,"column":17},"end":{"line":60,"column":59}},{"start":{"line":60,"column":63},"end":{"line":60,"column":73}}],"line":60},"6":{"loc":{"start":{"line":63,"column":13},"end":{"line":75,"column":7}},"type":"if","locations":[{"start":{"line":63,"column":13},"end":{"line":75,"column":7}},{"start":{"line":63,"column":13},"end":{"line":75,"column":7}}],"line":63},"7":{"loc":{"start":{"line":63,"column":17},"end":{"line":63,"column":73}},"type":"binary-expr","locations":[{"start":{"line":63,"column":17},"end":{"line":63,"column":56}},{"start":{"line":63,"column":60},"end":{"line":63,"column":73}}],"line":63},"8":{"loc":{"start":{"line":66,"column":13},"end":{"line":75,"column":7}},"type":"if","locations":[{"start":{"line":66,"column":13},"end":{"line":75,"column":7}},{"start":{"line":66,"column":13},"end":{"line":75,"column":7}}],"line":66},"9":{"loc":{"start":{"line":66,"column":17},"end":{"line":66,"column":71}},"type":"binary-expr","locations":[{"start":{"line":66,"column":17},"end":{"line":66,"column":55}},{"start":{"line":66,"column":59},"end":{"line":66,"column":71}}],"line":66},"10":{"loc":{"start":{"line":69,"column":13},"end":{"line":75,"column":7}},"type":"if","locations":[{"start":{"line":69,"column":13},"end":{"line":75,"column":7}},{"start":{"line":69,"column":13},"end":{"line":75,"column":7}}],"line":69},"11":{"loc":{"start":{"line":69,"column":17},"end":{"line":69,"column":69}},"type":"binary-expr","locations":[{"start":{"line":69,"column":17},"end":{"line":69,"column":55}},{"start":{"line":69,"column":59},"end":{"line":69,"column":69}}],"line":69},"12":{"loc":{"start":{"line":72,"column":13},"end":{"line":75,"column":7}},"type":"if","locations":[{"start":{"line":72,"column":13},"end":{"line":75,"column":7}},{"start":{"line":72,"column":13},"end":{"line":75,"column":7}}],"line":72},"13":{"loc":{"start":{"line":72,"column":17},"end":{"line":72,"column":77}},"type":"binary-expr","locations":[{"start":{"line":72,"column":17},"end":{"line":72,"column":62}},{"start":{"line":72,"column":66},"end":{"line":72,"column":77}}],"line":72},"14":{"loc":{"start":{"line":85,"column":6},"end":{"line":106,"column":7}},"type":"if","locations":[{"start":{"line":85,"column":6},"end":{"line":106,"column":7}},{"start":{"line":85,"column":6},"end":{"line":106,"column":7}}],"line":85},"15":{"loc":{"start":{"line":85,"column":10},"end":{"line":85,"column":55}},"type":"binary-expr","locations":[{"start":{"line":85,"column":10},"end":{"line":85,"column":41}},{"start":{"line":85,"column":45},"end":{"line":85,"column":55}}],"line":85},"16":{"loc":{"start":{"line":88,"column":13},"end":{"line":106,"column":7}},"type":"if","locations":[{"start":{"line":88,"column":13},"end":{"line":106,"column":7}},{"start":{"line":88,"column":13},"end":{"line":106,"column":7}}],"line":88},"17":{"loc":{"start":{"line":88,"column":17},"end":{"line":88,"column":62}},"type":"binary-expr","locations":[{"start":{"line":88,"column":17},"end":{"line":88,"column":48}},{"start":{"line":88,"column":52},"end":{"line":88,"column":62}}],"line":88},"18":{"loc":{"start":{"line":91,"column":13},"end":{"line":106,"column":7}},"type":"if","locations":[{"start":{"line":91,"column":13},"end":{"line":106,"column":7}},{"start":{"line":91,"column":13},"end":{"line":106,"column":7}}],"line":91},"19":{"loc":{"start":{"line":91,"column":17},"end":{"line":91,"column":73}},"type":"binary-expr","locations":[{"start":{"line":91,"column":17},"end":{"line":91,"column":59}},{"start":{"line":91,"column":63},"end":{"line":91,"column":73}}],"line":91},"20":{"loc":{"start":{"line":94,"column":13},"end":{"line":106,"column":7}},"type":"if","locations":[{"start":{"line":94,"column":13},"end":{"line":106,"column":7}},{"start":{"line":94,"column":13},"end":{"line":106,"column":7}}],"line":94},"21":{"loc":{"start":{"line":94,"column":17},"end":{"line":94,"column":73}},"type":"binary-expr","locations":[{"start":{"line":94,"column":17},"end":{"line":94,"column":56}},{"start":{"line":94,"column":60},"end":{"line":94,"column":73}}],"line":94},"22":{"loc":{"start":{"line":97,"column":13},"end":{"line":106,"column":7}},"type":"if","locations":[{"start":{"line":97,"column":13},"end":{"line":106,"column":7}},{"start":{"line":97,"column":13},"end":{"line":106,"column":7}}],"line":97},"23":{"loc":{"start":{"line":97,"column":17},"end":{"line":97,"column":71}},"type":"binary-expr","locations":[{"start":{"line":97,"column":17},"end":{"line":97,"column":55}},{"start":{"line":97,"column":59},"end":{"line":97,"column":71}}],"line":97},"24":{"loc":{"start":{"line":100,"column":13},"end":{"line":106,"column":7}},"type":"if","locations":[{"start":{"line":100,"column":13},"end":{"line":106,"column":7}},{"start":{"line":100,"column":13},"end":{"line":106,"column":7}}],"line":100},"25":{"loc":{"start":{"line":100,"column":17},"end":{"line":100,"column":69}},"type":"binary-expr","locations":[{"start":{"line":100,"column":17},"end":{"line":100,"column":55}},{"start":{"line":100,"column":59},"end":{"line":100,"column":69}}],"line":100},"26":{"loc":{"start":{"line":103,"column":13},"end":{"line":106,"column":7}},"type":"if","locations":[{"start":{"line":103,"column":13},"end":{"line":106,"column":7}},{"start":{"line":103,"column":13},"end":{"line":106,"column":7}}],"line":103},"27":{"loc":{"start":{"line":103,"column":17},"end":{"line":103,"column":77}},"type":"binary-expr","locations":[{"start":{"line":103,"column":17},"end":{"line":103,"column":62}},{"start":{"line":103,"column":66},"end":{"line":103,"column":77}}],"line":103},"28":{"loc":{"start":{"line":116,"column":6},"end":{"line":137,"column":7}},"type":"if","locations":[{"start":{"line":116,"column":6},"end":{"line":137,"column":7}},{"start":{"line":116,"column":6},"end":{"line":137,"column":7}}],"line":116},"29":{"loc":{"start":{"line":116,"column":10},"end":{"line":116,"column":55}},"type":"binary-expr","locations":[{"start":{"line":116,"column":10},"end":{"line":116,"column":41}},{"start":{"line":116,"column":45},"end":{"line":116,"column":55}}],"line":116},"30":{"loc":{"start":{"line":119,"column":13},"end":{"line":137,"column":7}},"type":"if","locations":[{"start":{"line":119,"column":13},"end":{"line":137,"column":7}},{"start":{"line":119,"column":13},"end":{"line":137,"column":7}}],"line":119},"31":{"loc":{"start":{"line":119,"column":17},"end":{"line":119,"column":62}},"type":"binary-expr","locations":[{"start":{"line":119,"column":17},"end":{"line":119,"column":48}},{"start":{"line":119,"column":52},"end":{"line":119,"column":62}}],"line":119},"32":{"loc":{"start":{"line":122,"column":13},"end":{"line":137,"column":7}},"type":"if","locations":[{"start":{"line":122,"column":13},"end":{"line":137,"column":7}},{"start":{"line":122,"column":13},"end":{"line":137,"column":7}}],"line":122},"33":{"loc":{"start":{"line":122,"column":17},"end":{"line":122,"column":73}},"type":"binary-expr","locations":[{"start":{"line":122,"column":17},"end":{"line":122,"column":59}},{"start":{"line":122,"column":63},"end":{"line":122,"column":73}}],"line":122},"34":{"loc":{"start":{"line":125,"column":13},"end":{"line":137,"column":7}},"type":"if","locations":[{"start":{"line":125,"column":13},"end":{"line":137,"column":7}},{"start":{"line":125,"column":13},"end":{"line":137,"column":7}}],"line":125},"35":{"loc":{"start":{"line":125,"column":17},"end":{"line":125,"column":73}},"type":"binary-expr","locations":[{"start":{"line":125,"column":17},"end":{"line":125,"column":56}},{"start":{"line":125,"column":60},"end":{"line":125,"column":73}}],"line":125},"36":{"loc":{"start":{"line":128,"column":13},"end":{"line":137,"column":7}},"type":"if","locations":[{"start":{"line":128,"column":13},"end":{"line":137,"column":7}},{"start":{"line":128,"column":13},"end":{"line":137,"column":7}}],"line":128},"37":{"loc":{"start":{"line":128,"column":17},"end":{"line":128,"column":71}},"type":"binary-expr","locations":[{"start":{"line":128,"column":17},"end":{"line":128,"column":55}},{"start":{"line":128,"column":59},"end":{"line":128,"column":71}}],"line":128},"38":{"loc":{"start":{"line":131,"column":13},"end":{"line":137,"column":7}},"type":"if","locations":[{"start":{"line":131,"column":13},"end":{"line":137,"column":7}},{"start":{"line":131,"column":13},"end":{"line":137,"column":7}}],"line":131},"39":{"loc":{"start":{"line":131,"column":17},"end":{"line":131,"column":69}},"type":"binary-expr","locations":[{"start":{"line":131,"column":17},"end":{"line":131,"column":55}},{"start":{"line":131,"column":59},"end":{"line":131,"column":69}}],"line":131},"40":{"loc":{"start":{"line":134,"column":13},"end":{"line":137,"column":7}},"type":"if","locations":[{"start":{"line":134,"column":13},"end":{"line":137,"column":7}},{"start":{"line":134,"column":13},"end":{"line":137,"column":7}}],"line":134},"41":{"loc":{"start":{"line":134,"column":17},"end":{"line":134,"column":77}},"type":"binary-expr","locations":[{"start":{"line":134,"column":17},"end":{"line":134,"column":62}},{"start":{"line":134,"column":66},"end":{"line":134,"column":77}}],"line":134},"42":{"loc":{"start":{"line":206,"column":4},"end":{"line":224,"column":5}},"type":"if","locations":[{"start":{"line":206,"column":4},"end":{"line":224,"column":5}},{"start":{"line":206,"column":4},"end":{"line":224,"column":5}}],"line":206}},"s":{"0":8,"1":8,"2":8,"3":8,"4":8,"5":0,"6":0,"7":0,"8":0,"9":0,"10":0,"11":0,"12":0,"13":0,"14":0,"15":0,"16":0,"17":0,"18":0,"19":0,"20":0,"21":0,"22":0,"23":0,"24":0,"25":0,"26":0,"27":0,"28":0,"29":0,"30":0,"31":0,"32":0,"33":0,"34":0,"35":0,"36":0,"37":0,"38":0,"39":0,"40":0,"41":0,"42":0,"43":0,"44":0,"45":0,"46":0,"47":0,"48":0,"49":0,"50":0,"51":0,"52":0,"53":0,"54":0,"55":0,"56":0,"57":0,"58":0,"59":0,"60":0,"61":0,"62":0,"63":0,"64":0,"65":0,"66":0,"67":0,"68":0,"69":0,"70":0,"71":0,"72":0,"73":0,"74":0,"75":0,"76":0,"77":0,"78":0,"79":0,"80":0,"81":0,"82":0,"83":0,"84":0,"85":0,"86":0,"87":0,"88":0,"89":0,"90":0,"91":0,"92":0,"93":0,"94":0,"95":0,"96":0,"97":0,"98":0,"99":0,"100":0,"101":0,"102":0,"103":0,"104":0,"105":0,"106":0,"107":0,"108":0,"109":0,"110":0,"111":0,"112":0,"113":0,"114":0,"115":0,"116":0,"117":0,"118":0,"119":0,"120":0,"121":8,"122":1,"123":1,"124":1,"125":0,"126":8,"127":2,"128":2,"129":2,"130":2,"131":2,"132":0,"133":8,"134":2,"135":2,"136":2,"137":2,"138":1,"139":1,"140":1,"141":1,"142":1,"143":0,"144":0,"145":8},"f":{"0":0,"1":0,"2":0,"3":0,"4":1,"5":2,"6":2},"b":{"0":[0,0],"1":[0,0],"2":[0,0],"3":[0,0],"4":[0,0],"5":[0,0],"6":[0,0],"7":[0,0],"8":[0,0],"9":[0,0],"10":[0,0],"11":[0,0],"12":[0,0],"13":[0,0],"14":[0,0],"15":[0,0],"16":[0,0],"17":[0,0],"18":[0,0],"19":[0,0],"20":[0,0],"21":[0,0],"22":[0,0],"23":[0,0],"24":[0,0],"25":[0,0],"26":[0,0],"27":[0,0],"28":[0,0],"29":[0,0],"30":[0,0],"31":[0,0],"32":[0,0],"33":[0,0],"34":[0,0],"35":[0,0],"36":[0,0],"37":[0,0],"38":[0,0],"39":[0,0],"40":[0,0],"41":[0,0],"42":[1,1]},"_coverageSchema":"43e27e138ebf9cfc5966b082cf9a028302ed4184","hash":"e64ee2b5f2a9f5c7da37779d6ba99ca43e37e602"}
,"C:\\crickstrait\\crickstrait\\server\\routes\\api\\search.js": {"path":"C:\\crickstrait\\crickstrait\\server\\routes\\api\\search.js","statementMap":{"0":{"start":{"line":1,"column":16},"end":{"line":1,"column":34}},"1":{"start":{"line":2,"column":15},"end":{"line":2,"column":31}},"2":{"start":{"line":3,"column":11},"end":{"line":3,"column":34}},"3":{"start":{"line":4,"column":11},"end":{"line":4,"column":68}},"4":{"start":{"line":7,"column":0},"end":{"line":31,"column":3}},"5":{"start":{"line":8,"column":2},"end":{"line":30,"column":3}},"6":{"start":{"line":9,"column":4},"end":{"line":9,"column":40}},"7":{"start":{"line":10,"column":26},"end":{"line":12,"column":5}},"8":{"start":{"line":13,"column":24},"end":{"line":15,"column":5}},"9":{"start":{"line":16,"column":15},"end":{"line":16,"column":17}},"10":{"start":{"line":17,"column":4},"end":{"line":17,"column":32}},"11":{"start":{"line":18,"column":4},"end":{"line":18,"column":28}},"12":{"start":{"line":19,"column":4},"end":{"line":19,"column":22}},"13":{"start":{"line":20,"column":4},"end":{"line":24,"column":7}},"14":{"start":{"line":26,"column":4},"end":{"line":29,"column":7}},"15":{"start":{"line":32,"column":0},"end":{"line":32,"column":24}}},"fnMap":{"0":{"name":"(anonymous_0)","decl":{"start":{"line":7,"column":23},"end":{"line":7,"column":24}},"loc":{"start":{"line":7,"column":49},"end":{"line":31,"column":1}},"line":7}},"branchMap":{},"s":{"0":8,"1":8,"2":8,"3":8,"4":8,"5":2,"6":2,"7":2,"8":2,"9":2,"10":2,"11":2,"12":2,"13":2,"14":0,"15":8},"f":{"0":2},"b":{},"_coverageSchema":"43e27e138ebf9cfc5966b082cf9a028302ed4184","hash":"3c89cdaa5237227ddd3c0c18acfa4a5f53246640"}
,"C:\\crickstrait\\crickstrait\\server\\routes\\api\\user.js": {"path":"C:\\crickstrait\\crickstrait\\server\\routes\\api\\user.js","statementMap":{"0":{"start":{"line":1,"column":16},"end":{"line":1,"column":34}},"1":{"start":{"line":2,"column":15},"end":{"line":2,"column":31}},"2":{"start":{"line":3,"column":15},"end":{"line":3,"column":32}},"3":{"start":{"line":4,"column":11},"end":{"line":4,"column":34}},"4":{"start":{"line":5,"column":12},"end":{"line":5,"column":26}},"5":{"start":{"line":6,"column":19},"end":{"line":6,"column":41}},"6":{"start":{"line":7,"column":15},"end":{"line":7,"column":32}},"7":{"start":{"line":9,"column":21},"end":{"line":9,"column":38}},"8":{"start":{"line":10,"column":11},"end":{"line":10,"column":68}},"9":{"start":{"line":11,"column":12},"end":{"line":11,"column":35}},"10":{"start":{"line":12,"column":22},"end":{"line":12,"column":63}},"11":{"start":{"line":13,"column":19},"end":{"line":13,"column":40}},"12":{"start":{"line":17,"column":0},"end":{"line":28,"column":3}},"13":{"start":{"line":18,"column":2},"end":{"line":27,"column":3}},"14":{"start":{"line":19,"column":19},"end":{"line":19,"column":58}},"15":{"start":{"line":20,"column":4},"end":{"line":24,"column":7}},"16":{"start":{"line":26,"column":4},"end":{"line":26,"column":14}},"17":{"start":{"line":31,"column":0},"end":{"line":66,"column":3}},"18":{"start":{"line":32,"column":2},"end":{"line":65,"column":3}},"19":{"start":{"line":33,"column":16},"end":{"line":33,"column":30}},"20":{"start":{"line":34,"column":4},"end":{"line":34,"column":22}},"21":{"start":{"line":35,"column":19},"end":{"line":35,"column":90}},"22":{"start":{"line":36,"column":4},"end":{"line":61,"column":5}},"23":{"start":{"line":37,"column":6},"end":{"line":37,"column":26}},"24":{"start":{"line":38,"column":6},"end":{"line":38,"column":71}},"25":{"start":{"line":41,"column":6},"end":{"line":44,"column":8}},"26":{"start":{"line":46,"column":6},"end":{"line":60,"column":9}},"27":{"start":{"line":47,"column":8},"end":{"line":47,"column":37}},"28":{"start":{"line":48,"column":19},"end":{"line":48,"column":41}},"29":{"start":{"line":49,"column":30},"end":{"line":49,"column":66}},"30":{"start":{"line":51,"column":23},"end":{"line":53,"column":30}},"31":{"start":{"line":54,"column":8},"end":{"line":54,"column":28}},"32":{"start":{"line":55,"column":8},"end":{"line":59,"column":11}},"33":{"start":{"line":63,"column":4},"end":{"line":63,"column":14}},"34":{"start":{"line":64,"column":4},"end":{"line":64,"column":20}},"35":{"start":{"line":68,"column":0},"end":{"line":112,"column":3}},"36":{"start":{"line":69,"column":2},"end":{"line":111,"column":3}},"37":{"start":{"line":70,"column":16},"end":{"line":70,"column":30}},"38":{"start":{"line":71,"column":19},"end":{"line":71,"column":25}},"39":{"start":{"line":72,"column":19},"end":{"line":74,"column":5}},"40":{"start":{"line":75,"column":4},"end":{"line":107,"column":5}},"41":{"start":{"line":76,"column":6},"end":{"line":76,"column":90}},"42":{"start":{"line":77,"column":6},"end":{"line":77,"column":32}},"43":{"start":{"line":79,"column":6},"end":{"line":79,"column":22}},"44":{"start":{"line":84,"column":24},"end":{"line":91,"column":8}},"45":{"start":{"line":93,"column":17},"end":{"line":100,"column":8}},"46":{"start":{"line":102,"column":6},"end":{"line":102,"column":54}},"47":{"start":{"line":103,"column":6},"end":{"line":106,"column":9}},"48":{"start":{"line":109,"column":4},"end":{"line":109,"column":14}},"49":{"start":{"line":110,"column":4},"end":{"line":110,"column":20}},"50":{"start":{"line":114,"column":0},"end":{"line":179,"column":3}},"51":{"start":{"line":115,"column":2},"end":{"line":178,"column":3}},"52":{"start":{"line":116,"column":16},"end":{"line":116,"column":30}},"53":{"start":{"line":117,"column":4},"end":{"line":117,"column":23}},"54":{"start":{"line":118,"column":19},"end":{"line":120,"column":5}},"55":{"start":{"line":121,"column":4},"end":{"line":121,"column":23}},"56":{"start":{"line":122,"column":4},"end":{"line":124,"column":5}},"57":{"start":{"line":123,"column":6},"end":{"line":123,"column":68}},"58":{"start":{"line":127,"column":4},"end":{"line":153,"column":9}},"59":{"start":{"line":130,"column":22},"end":{"line":139,"column":9}},"60":{"start":{"line":140,"column":8},"end":{"line":140,"column":40}},"61":{"start":{"line":141,"column":8},"end":{"line":144,"column":11}},"62":{"start":{"line":147,"column":8},"end":{"line":147,"column":27}},"63":{"start":{"line":148,"column":8},"end":{"line":152,"column":11}},"64":{"start":{"line":155,"column":24},"end":{"line":174,"column":5}},"65":{"start":{"line":157,"column":8},"end":{"line":157,"column":69}},"66":{"start":{"line":158,"column":6},"end":{"line":162,"column":11}},"67":{"start":{"line":159,"column":8},"end":{"line":162,"column":11}},"68":{"start":{"line":163,"column":20},"end":{"line":163,"column":46}},"69":{"start":{"line":164,"column":6},"end":{"line":164,"column":25}},"70":{"start":{"line":165,"column":6},"end":{"line":173,"column":7}},"71":{"start":{"line":166,"column":31},"end":{"line":166,"column":74}},"72":{"start":{"line":167,"column":29},"end":{"line":167,"column":46}},"73":{"start":{"line":169,"column":8},"end":{"line":169,"column":34}},"74":{"start":{"line":171,"column":8},"end":{"line":171,"column":27}},"75":{"start":{"line":172,"column":8},"end":{"line":172,"column":97}},"76":{"start":{"line":176,"column":4},"end":{"line":176,"column":29}},"77":{"start":{"line":177,"column":4},"end":{"line":177,"column":93}},"78":{"start":{"line":180,"column":0},"end":{"line":206,"column":3}},"79":{"start":{"line":181,"column":2},"end":{"line":205,"column":3}},"80":{"start":{"line":182,"column":20},"end":{"line":182,"column":38}},"81":{"start":{"line":183,"column":19},"end":{"line":183,"column":93}},"82":{"start":{"line":184,"column":4},"end":{"line":202,"column":5}},"83":{"start":{"line":185,"column":6},"end":{"line":185,"column":26}},"84":{"start":{"line":186,"column":6},"end":{"line":186,"column":69}},"85":{"start":{"line":189,"column":6},"end":{"line":191,"column":8}},"86":{"start":{"line":194,"column":21},"end":{"line":195,"column":33}},"87":{"start":{"line":196,"column":6},"end":{"line":196,"column":26}},"88":{"start":{"line":197,"column":6},"end":{"line":201,"column":9}},"89":{"start":{"line":204,"column":4},"end":{"line":204,"column":14}},"90":{"start":{"line":208,"column":0},"end":{"line":234,"column":3}},"91":{"start":{"line":209,"column":2},"end":{"line":233,"column":3}},"92":{"start":{"line":211,"column":18},"end":{"line":211,"column":32}},"93":{"start":{"line":212,"column":4},"end":{"line":212,"column":23}},"94":{"start":{"line":213,"column":19},"end":{"line":213,"column":81}},"95":{"start":{"line":214,"column":4},"end":{"line":230,"column":5}},"96":{"start":{"line":215,"column":6},"end":{"line":215,"column":69}},"97":{"start":{"line":218,"column":28},"end":{"line":218,"column":62}},"98":{"start":{"line":219,"column":21},"end":{"line":224,"column":7}},"99":{"start":{"line":225,"column":6},"end":{"line":229,"column":9}},"100":{"start":{"line":232,"column":4},"end":{"line":232,"column":14}},"101":{"start":{"line":236,"column":0},"end":{"line":236,"column":24}}},"fnMap":{"0":{"name":"(anonymous_0)","decl":{"start":{"line":17,"column":19},"end":{"line":17,"column":20}},"loc":{"start":{"line":17,"column":45},"end":{"line":28,"column":1}},"line":17},"1":{"name":"(anonymous_1)","decl":{"start":{"line":31,"column":20},"end":{"line":31,"column":21}},"loc":{"start":{"line":31,"column":46},"end":{"line":66,"column":1}},"line":31},"2":{"name":"(anonymous_2)","decl":{"start":{"line":46,"column":30},"end":{"line":46,"column":31}},"loc":{"start":{"line":46,"column":48},"end":{"line":60,"column":7}},"line":46},"3":{"name":"(anonymous_3)","decl":{"start":{"line":68,"column":28},"end":{"line":68,"column":29}},"loc":{"start":{"line":68,"column":54},"end":{"line":112,"column":1}},"line":68},"4":{"name":"(anonymous_4)","decl":{"start":{"line":114,"column":22},"end":{"line":114,"column":23}},"loc":{"start":{"line":114,"column":48},"end":{"line":179,"column":1}},"line":114},"5":{"name":"(anonymous_5)","decl":{"start":{"line":129,"column":12},"end":{"line":129,"column":13}},"loc":{"start":{"line":129,"column":30},"end":{"line":145,"column":7}},"line":129},"6":{"name":"(anonymous_6)","decl":{"start":{"line":146,"column":13},"end":{"line":146,"column":14}},"loc":{"start":{"line":146,"column":22},"end":{"line":153,"column":7}},"line":146},"7":{"name":"(anonymous_7)","decl":{"start":{"line":155,"column":24},"end":{"line":155,"column":25}},"loc":{"start":{"line":155,"column":44},"end":{"line":174,"column":5}},"line":155},"8":{"name":"(anonymous_8)","decl":{"start":{"line":180,"column":24},"end":{"line":180,"column":25}},"loc":{"start":{"line":180,"column":50},"end":{"line":206,"column":1}},"line":180},"9":{"name":"(anonymous_9)","decl":{"start":{"line":208,"column":29},"end":{"line":208,"column":30}},"loc":{"start":{"line":208,"column":55},"end":{"line":234,"column":1}},"line":208}},"branchMap":{"0":{"loc":{"start":{"line":36,"column":4},"end":{"line":61,"column":5}},"type":"if","locations":[{"start":{"line":36,"column":4},"end":{"line":61,"column":5}},{"start":{"line":36,"column":4},"end":{"line":61,"column":5}}],"line":36},"1":{"loc":{"start":{"line":75,"column":4},"end":{"line":107,"column":5}},"type":"if","locations":[{"start":{"line":75,"column":4},"end":{"line":107,"column":5}},{"start":{"line":75,"column":4},"end":{"line":107,"column":5}}],"line":75},"2":{"loc":{"start":{"line":122,"column":4},"end":{"line":124,"column":5}},"type":"if","locations":[{"start":{"line":122,"column":4},"end":{"line":124,"column":5}},{"start":{"line":122,"column":4},"end":{"line":124,"column":5}}],"line":122},"3":{"loc":{"start":{"line":157,"column":8},"end":{"line":157,"column":69}},"type":"binary-expr","locations":[{"start":{"line":157,"column":8},"end":{"line":157,"column":37}},{"start":{"line":157,"column":41},"end":{"line":157,"column":69}}],"line":157},"4":{"loc":{"start":{"line":158,"column":6},"end":{"line":162,"column":11}},"type":"if","locations":[{"start":{"line":158,"column":6},"end":{"line":162,"column":11}},{"start":{"line":158,"column":6},"end":{"line":162,"column":11}}],"line":158},"5":{"loc":{"start":{"line":184,"column":4},"end":{"line":202,"column":5}},"type":"if","locations":[{"start":{"line":184,"column":4},"end":{"line":202,"column":5}},{"start":{"line":184,"column":4},"end":{"line":202,"column":5}}],"line":184},"6":{"loc":{"start":{"line":214,"column":4},"end":{"line":230,"column":5}},"type":"if","locations":[{"start":{"line":214,"column":4},"end":{"line":230,"column":5}},{"start":{"line":214,"column":4},"end":{"line":230,"column":5}}],"line":214}},"s":{"0":8,"1":8,"2":8,"3":8,"4":8,"5":8,"6":8,"7":8,"8":8,"9":8,"10":8,"11":8,"12":8,"13":1,"14":1,"15":1,"16":0,"17":8,"18":1,"19":1,"20":1,"21":1,"22":1,"23":1,"24":1,"25":0,"26":0,"27":0,"28":0,"29":0,"30":0,"31":0,"32":0,"33":0,"34":0,"35":8,"36":0,"37":0,"38":0,"39":0,"40":0,"41":0,"42":0,"43":0,"44":0,"45":0,"46":0,"47":0,"48":0,"49":0,"50":8,"51":1,"52":1,"53":1,"54":1,"55":1,"56":1,"57":0,"58":1,"59":1,"60":1,"61":1,"62":0,"63":0,"64":1,"65":0,"66":0,"67":0,"68":0,"69":0,"70":0,"71":0,"72":0,"73":0,"74":0,"75":0,"76":0,"77":0,"78":8,"79":2,"80":2,"81":2,"82":2,"83":2,"84":2,"85":0,"86":0,"87":0,"88":0,"89":0,"90":8,"91":1,"92":1,"93":1,"94":1,"95":1,"96":0,"97":1,"98":1,"99":1,"100":0,"101":8},"f":{"0":1,"1":1,"2":0,"3":0,"4":1,"5":1,"6":0,"7":0,"8":2,"9":1},"b":{"0":[1,0],"1":[0,0],"2":[0,1],"3":[0,0],"4":[0,0],"5":[2,0],"6":[0,1]},"_coverageSchema":"43e27e138ebf9cfc5966b082cf9a028302ed4184","hash":"72feb58b3f95ee4053f0c3102273bf29a7b92025"}
}
