TN:
SF:F:\Headstrait\Crickstrait\server\index.js
FN:25,(anonymous_0)
FNF:1
FNH:1
FNDA:1,(anonymous_0)
DA:1,3
DA:2,3
DA:3,3
DA:4,3
DA:5,3
DA:6,3
DA:7,3
DA:8,3
DA:9,3
DA:10,3
DA:11,3
DA:17,3
DA:19,3
DA:21,3
DA:23,3
DA:24,3
DA:25,3
DA:26,3
LF:18
LH:18
BRDA:24,0,0,3
BRDA:24,0,1,3
BRF:2
BRH:2
end_of_record
TN:
SF:F:\Headstrait\Crickstrait\server\routes\api\fixtures.js
FN:9,(anonymous_0)
FNF:1
FNH:0
FNDA:0,(anonymous_0)
DA:1,3
DA:2,3
DA:3,3
DA:5,3
DA:9,3
DA:10,0
DA:11,0
DA:13,0
DA:19,0
DA:26,3
LF:10
LH:6
BRF:0
BRH:0
end_of_record
TN:
SF:F:\Headstrait\Crickstrait\server\routes\api\headlines.js
FN:9,(anonymous_0)
FN:28,(anonymous_1)
FNF:2
FNH:2
FNDA:1,(anonymous_0)
FNDA:1,(anonymous_1)
DA:1,3
DA:2,3
DA:3,3
DA:5,3
DA:9,3
DA:10,1
DA:11,1
DA:15,0
DA:21,0
DA:28,3
DA:29,1
DA:30,1
DA:31,1
DA:35,1
DA:41,0
DA:48,3
LF:16
LH:13
BRF:0
BRH:0
end_of_record
TN:
SF:F:\Headstrait\Crickstrait\server\routes\api\matches.js
FN:7,(anonymous_0)
FNF:1
FNH:1
FNDA:1,(anonymous_0)
DA:1,3
DA:2,3
DA:3,3
DA:5,3
DA:7,3
DA:8,1
DA:9,1
DA:12,1
DA:13,0
DA:19,1
DA:25,0
DA:32,3
LF:12
LH:10
BRDA:12,0,0,0
BRDA:12,0,1,1
BRF:2
BRH:1
end_of_record
TN:
SF:F:\Headstrait\Crickstrait\server\routes\api\players.js
FN:8,(anonymous_0)
FNF:1
FNH:0
FNDA:0,(anonymous_0)
DA:1,3
DA:2,3
DA:3,3
DA:5,3
DA:8,3
DA:9,0
DA:10,0
DA:11,0
DA:14,0
DA:20,0
DA:27,3
LF:11
LH:6
BRF:0
BRH:0
end_of_record
